Arguments: 
  X:\Program Files\nodejs\node.exe C:\Users\Lenovo\AppData\Roaming\npm\node_modules\yarn\bin\yarn.js init

PATH: 
  C:\Users\Lenovo\bin;X:\Program Files (x86)\Git\mingw32\bin;X:\Program Files (x86)\Git\usr\local\bin;X:\Program Files (x86)\Git\usr\bin;X:\Program Files (x86)\Git\usr\bin;X:\Program Files (x86)\Git\mingw32\bin;X:\Program Files (x86)\Git\usr\bin;C:\Users\Lenovo\bin;C:\Program Files (x86)\Common Files\Oracle\Java\javapath;C:\Program Files (x86)\NVIDIA Corporation\PhysX\Common;C:\WINDOWS\system32;C:\WINDOWS;C:\WINDOWS\System32\Wbem;C:\WINDOWS\System32\WindowsPowerShell\v1.0;C:\Program Files\Microsoft SQL Server\130\Tools\Binn;C:\Program Files\Microsoft SQL Server\120\Tools\Binn;C:\Program Files (x86)\Sennheiser\SoftphoneSDK;C:\Program Files\dotnet;C:\Program Files (x86)\Skype\Phone;X:\Program Files\TortoiseGit\bin;C:\WINDOWS\System32\OpenSSH;X:\Program Files\Microsoft VS Code\bin;X:\Program Files\nodejs;C:\Users\Lenovo\AppData\Roaming\cabal\bin;C:\Users\Lenovo\AppData\Roaming\local\bin;C:\Users\Lenovo\AppData\Local\Microsoft\WindowsApps;C:\Users\Lenovo\Documents\Emulators\Development\cc65\bin;X;X:\Program Files (x86)\groovy-2.5.7\bin;C:\WINDOWS\system32;C:\WINDOWS;C:\WINDOWS\System32\Wbem;C:\WINDOWS\System32\WindowsPowerShell\v1.0;C:\WINDOWS\System32\OpenSSH;X:\Program Files (x86)\Git\cmd;X:\Python37\Scripts;X:\Python37;C:\Users\Lenovo\AppData\Roaming\local\bin;C:\Users\Lenovo\AppData\Local\Microsoft\WindowsApps;C:\Users\Lenovo\Documents\Emulators\Development\cc65\bin;X:\Program Files\Microsoft VS Code\bin;X:\Python36-32\Scripts;X:\Python36-32;X:\Program Files\IDE80;C:\Users\Lenovo\AppData\Local\GitHubDesktop\bin;C:\Users\Lenovo\AppData\Roaming\npm;X:\Program Files\Docker Toolbox;X:\Program Files\JetBrains\PyCharm Community Edition 2019.1.2\bin;C:\Users\Lenovo\AppData\Local\Microsoft\WindowsApps;X:\Program Files (x86)\Git\usr\bin\vendor_perl;X:\Program Files (x86)\Git\usr\bin\core_perl

Yarn version: 
  1.16.0

Node version: 
  10.13.0

Platform: 
  win32 x64

Trace: 
  Error: Can't answer a question unless a user TTY
      at ConsoleReporter.question (C:\Users\Lenovo\AppData\Roaming\npm\node_modules\yarn\lib\cli.js:96033:59)
      at Object.<anonymous> (C:\Users\Lenovo\AppData\Roaming\npm\node_modules\yarn\lib\cli.js:88394:38)
      at Generator.next (<anonymous>)
      at step (C:\Users\Lenovo\AppData\Roaming\npm\node_modules\yarn\lib\cli.js:304:30)
      at C:\Users\Lenovo\AppData\Roaming\npm\node_modules\yarn\lib\cli.js:315:13

npm manifest: 
  No manifest

yarn manifest: 
  No manifest

Lockfile: 
  No lockfile
